<?xml version="1.0" encoding="UTF-8" ?>
<testsuite tests="18" failures="0" name="step_definitions.RunCukesTest" time="2.928" errors="0" skipped="0">
  <properties>
    <property name="idea.version" value="2022.3.3"/>
    <property name="java.runtime.name" value="Java(TM) SE Runtime Environment"/>
    <property name="sun.boot.library.path" value="C:\Program Files\Java\jdk1.8.0_361\jre\bin"/>
    <property name="java.vm.version" value="25.361-b09"/>
    <property name="java.vm.vendor" value="Oracle Corporation"/>
    <property name="maven.multiModuleProjectDirectory" value="D:\ALTA\Jojonomic_webTesting"/>
    <property name="java.vendor.url" value="http://java.oracle.com/"/>
    <property name="path.separator" value=";"/>
    <property name="guice.disable.misplaced.annotation.check" value="true"/>
    <property name="java.vm.name" value="Java HotSpot(TM) 64-Bit Server VM"/>
    <property name="file.encoding.pkg" value="sun.io"/>
    <property name="user.script" value=""/>
    <property name="user.country" value="ID"/>
    <property name="sun.java.launcher" value="SUN_STANDARD"/>
    <property name="sun.os.patch.level" value=""/>
    <property name="java.vm.specification.name" value="Java Virtual Machine Specification"/>
    <property name="user.dir" value="D:\ALTA\Jojonomic_webTesting"/>
    <property name="java.runtime.version" value="1.8.0_361-b09"/>
    <property name="java.awt.graphicsenv" value="sun.awt.Win32GraphicsEnvironment"/>
    <property name="java.endorsed.dirs" value="C:\Program Files\Java\jdk1.8.0_361\jre\lib\endorsed"/>
    <property name="os.arch" value="amd64"/>
    <property name="java.io.tmpdir" value="C:\Users\user\AppData\Local\Temp\"/>
    <property name="line.separator" value="
"/>
    <property name="java.vm.specification.vendor" value="Oracle Corporation"/>
    <property name="user.variant" value=""/>
    <property name="os.name" value="Windows 10"/>
    <property name="maven.ext.class.path" value="C:\Users\user\AppData\Local\JetBrains\IntelliJ IDEA Community Edition 2022.3.3\plugins\maven\lib\maven-event-listener.jar"/>
    <property name="classworlds.conf" value="C:\Users\user\AppData\Local\JetBrains\IntelliJ IDEA Community Edition 2022.3.3\plugins\maven\lib\maven3\bin\m2.conf"/>
    <property name="sun.jnu.encoding" value="Cp1252"/>
    <property name="java.library.path" value="C:\Program Files\Java\jdk1.8.0_361\bin;C:\WINDOWS\Sun\Java\bin;C:\WINDOWS\system32;C:\WINDOWS;C:\Program Files (x86)\Common Files\Oracle\Java\javapath;C:\WINDOWS\system32;C:\WINDOWS;C:\WINDOWS\System32\Wbem;C:\WINDOWS\System32\WindowsPowerShell\v1.0\;C:\WINDOWS\System32\OpenSSH\;C:\Program Files\Git\cmd;C:\Program Files\Java\jdk1.8.0_361\bin;C:\Program Files\apache-maven-3.8.8\bin;C:\Users\user\AppData\Local\Microsoft\WindowsApps;C:\Users\user\AppData\Local\JetBrains\IntelliJ IDEA Community Edition 2022.3.3\bin;;;."/>
    <property name="jansi.passthrough" value="true"/>
    <property name="maven.conf" value="C:\Users\user\AppData\Local\JetBrains\IntelliJ IDEA Community Edition 2022.3.3\plugins\maven\lib\maven3/conf"/>
    <property name="java.specification.name" value="Java Platform API Specification"/>
    <property name="java.class.version" value="52.0"/>
    <property name="sun.management.compiler" value="HotSpot 64-Bit Tiered Compilers"/>
    <property name="os.version" value="10.0"/>
    <property name="user.home" value="C:\Users\user"/>
    <property name="user.timezone" value="Asia/Bangkok"/>
    <property name="java.awt.printerjob" value="sun.awt.windows.WPrinterJob"/>
    <property name="java.specification.version" value="1.8"/>
    <property name="file.encoding" value="UTF-8"/>
    <property name="user.name" value="user"/>
    <property name="java.class.path" value="C:\Users\user\AppData\Local\JetBrains\IntelliJ IDEA Community Edition 2022.3.3\plugins\maven\lib\maven3\boot\plexus-classworlds-2.6.0.jar;C:\Users\user\AppData\Local\JetBrains\IntelliJ IDEA Community Edition 2022.3.3\plugins\maven\lib\maven3\boot\plexus-classworlds.license;C:\Users\user\AppData\Local\JetBrains\IntelliJ IDEA Community Edition 2022.3.3\lib\idea_rt.jar"/>
    <property name="java.vm.specification.version" value="1.8"/>
    <property name="sun.arch.data.model" value="64"/>
    <property name="java.home" value="C:\Program Files\Java\jdk1.8.0_361\jre"/>
    <property name="sun.java.command" value="org.codehaus.classworlds.Launcher -Didea.version=2022.3.3 test"/>
    <property name="java.specification.vendor" value="Oracle Corporation"/>
    <property name="user.language" value="en"/>
    <property name="awt.toolkit" value="sun.awt.windows.WToolkit"/>
    <property name="java.vm.info" value="mixed mode"/>
    <property name="java.version" value="1.8.0_361"/>
    <property name="java.ext.dirs" value="C:\Program Files\Java\jdk1.8.0_361\jre\lib\ext;C:\WINDOWS\Sun\Java\lib\ext"/>
    <property name="sun.boot.class.path" value="C:\Program Files\Java\jdk1.8.0_361\jre\lib\resources.jar;C:\Program Files\Java\jdk1.8.0_361\jre\lib\rt.jar;C:\Program Files\Java\jdk1.8.0_361\jre\lib\jsse.jar;C:\Program Files\Java\jdk1.8.0_361\jre\lib\jce.jar;C:\Program Files\Java\jdk1.8.0_361\jre\lib\charsets.jar;C:\Program Files\Java\jdk1.8.0_361\jre\lib\jfr.jar;C:\Program Files\Java\jdk1.8.0_361\jre\classes"/>
    <property name="java.vendor" value="Oracle Corporation"/>
    <property name="java.specification.maintenance.version" value="4"/>
    <property name="maven.home" value="C:\Users\user\AppData\Local\JetBrains\IntelliJ IDEA Community Edition 2022.3.3\plugins\maven\lib\maven3"/>
    <property name="file.separator" value="\"/>
    <property name="java.vendor.url.bug" value="http://bugreport.sun.com/bugreport/"/>
    <property name="sun.cpu.endian" value="little"/>
    <property name="sun.io.unicode.encoding" value="UnicodeLittle"/>
    <property name="sun.desktop" value="windows"/>
    <property name="sun.cpu.isalist" value="amd64"/>
  </properties>
  <testcase classname="Scenario: User do click the Find Locations button" name="Given User already on NSW website" time="0.008"/>
  <testcase classname="Scenario: User do click the Find Locations button" name="When User click the Find Locations button" time="0"/>
  <testcase classname="Scenario: User do click the Find Locations button" name="Then User will direct to Find a Service NSW location page" time="0"/>
  <testcase classname="Scenario: User do click the Find Locations button" name="Scenario: User do click the Find Locations button" time="0.979"/>
  <testcase classname="| Sydney 2000 | Marrickville Service Centre |" name="Given User already on NSW website" time="0"/>
  <testcase classname="| Sydney 2000 | Marrickville Service Centre |" name="When User click the Find Locations button" time="0"/>
  <testcase classname="| Sydney 2000 | Marrickville Service Centre |" name="Then User will direct to Find a Service NSW location page" time="0"/>
  <testcase classname="| Sydney 2000 | Marrickville Service Centre |" name="When User enters &quot;Sydney 2000&quot; in the search input" time="0"/>
  <testcase classname="| Sydney 2000 | Marrickville Service Centre |" name="And User clicks the search button" time="0"/>
  <testcase classname="| Sydney 2000 | Marrickville Service Centre |" name="Then User should see &quot;Marrickville Service Centre&quot; in the search result list" time="0"/>
  <testcase classname="| Sydney 2000 | Marrickville Service Centre |" name="| Sydney 2000 | Marrickville Service Centre |" time="1.044"/>
  <testcase classname="| Sydney Domestic Airport 2020 | Rockdale Service Centre |" name="Given User already on NSW website" time="0"/>
  <testcase classname="| Sydney Domestic Airport 2020 | Rockdale Service Centre |" name="When User click the Find Locations button" time="0"/>
  <testcase classname="| Sydney Domestic Airport 2020 | Rockdale Service Centre |" name="Then User will direct to Find a Service NSW location page" time="0"/>
  <testcase classname="| Sydney Domestic Airport 2020 | Rockdale Service Centre |" name="When User enters &quot;Sydney Domestic Airport 2020&quot; in the search input" time="0"/>
  <testcase classname="| Sydney Domestic Airport 2020 | Rockdale Service Centre |" name="And User clicks the search button" time="0"/>
  <testcase classname="| Sydney Domestic Airport 2020 | Rockdale Service Centre |" name="Then User should see &quot;Rockdale Service Centre&quot; in the search result list" time="0"/>
  <testcase classname="| Sydney Domestic Airport 2020 | Rockdale Service Centre |" name="| Sydney Domestic Airport 2020 | Rockdale Service Centre |" time="0.897"/>
</testsuite>